2026-02-23 01:28:42,227 | INFO | Burning in the sampler of 4000 chains for 1000 steps (n_walkers=200, n_samples=20).
2026-02-23 01:30:41,172 | INFO | AFQMC init: dt=0.01 walkers=200 blocks=100 prop_steps=50 meas_samples=20
2026-02-23 01:30:41,172 | INFO | Init e_est=-37.791577988110 elapsed=122.80s
2026-02-23 01:30:46,799 | INFO | Eql 1/10 wsum=1.145e+02 e_mix=-37.792702542492 e_est=-37.791577988110 elapsed=128.43s
2026-02-23 01:30:46,974 | INFO | Eql 2/10 wsum=6.916e+01 e_mix=-37.792779742261 e_est=-37.791577988110 elapsed=128.60s
2026-02-23 01:30:47,152 | INFO | Eql 3/10 wsum=4.395e+01 e_mix=-37.785625538997 e_est=-37.791577988110 elapsed=128.78s
2026-02-23 01:30:47,331 | INFO | Eql 4/10 wsum=2.934e+01 e_mix=-37.797148871366 e_est=-37.791577988110 elapsed=128.96s
2026-02-23 01:30:47,513 | INFO | Eql 5/10 wsum=2.037e+01 e_mix=-37.796201189807 e_est=-37.791577988110 elapsed=129.14s
2026-02-23 01:30:47,693 | INFO | Eql 6/10 wsum=1.465e+01 e_mix=-37.802560963607 e_est=-37.791577988110 elapsed=129.32s
2026-02-23 01:30:47,876 | INFO | Eql 7/10 wsum=1.093e+01 e_mix=-37.796848101119 e_est=-37.791577988110 elapsed=129.50s
2026-02-23 01:30:48,057 | INFO | Eql 8/10 wsum=8.376e+00 e_mix=-37.795508353324 e_est=-37.791577988110 elapsed=129.68s
2026-02-23 01:30:48,237 | INFO | Eql 9/10 wsum=6.600e+00 e_mix=-37.790578348960 e_est=-37.791577988110 elapsed=129.86s
2026-02-23 01:30:48,416 | INFO | Eql 10/10 wsum=5.327e+00 e_mix=-37.808660430010 e_est=-37.791577988110 elapsed=130.04s
2026-02-23 01:31:08,654 | INFO | Block 1/100 e_blk=-37.789011980435 e_est=-37.791321387342 wsum=4.002e+00 elapsed=150.28s
2026-02-23 01:31:17,843 | INFO | Block 2/100 e_blk=-37.789279053916 e_est=-37.791117153999 wsum=3.172e+00 elapsed=159.47s
2026-02-23 01:31:27,016 | INFO | Block 3/100 e_blk=-37.793156702410 e_est=-37.791321108841 wsum=3.083e+00 elapsed=168.64s
2026-02-23 01:31:36,207 | INFO | Block 4/100 e_blk=-37.798825286535 e_est=-37.792071526610 wsum=3.108e+00 elapsed=177.83s
2026-02-23 01:31:45,397 | INFO | Block 5/100 e_blk=-37.786532689431 e_est=-37.791517642892 wsum=3.083e+00 elapsed=187.02s
2026-02-23 01:31:54,572 | INFO | Block 6/100 e_blk=-37.796892653951 e_est=-37.792055143998 wsum=3.109e+00 elapsed=196.20s
2026-02-23 01:32:03,751 | INFO | Block 7/100 e_blk=-37.790828608284 e_est=-37.791932490427 wsum=3.099e+00 elapsed=205.38s
2026-02-23 01:32:13,067 | INFO | Block 8/100 e_blk=-37.786894235495 e_est=-37.791428664933 wsum=3.121e+00 elapsed=214.69s
2026-02-23 01:32:22,234 | INFO | Block 9/100 e_blk=-37.788132138735 e_est=-37.791099012314 wsum=2.956e+00 elapsed=223.86s
2026-02-23 01:32:31,422 | INFO | Block 10/100 e_blk=-37.793863446982 e_est=-37.791375455780 wsum=3.015e+00 elapsed=233.05s
2026-02-23 01:32:40,600 | INFO | Block 11/100 e_blk=-37.796806893134 e_est=-37.791918599516 wsum=3.058e+00 elapsed=242.23s
2026-02-23 01:32:49,773 | INFO | Block 12/100 e_blk=-37.788495060168 e_est=-37.791576245581 wsum=3.047e+00 elapsed=251.40s
2026-02-23 01:32:58,958 | INFO | Block 13/100 e_blk=-37.795658184308 e_est=-37.791984439454 wsum=3.018e+00 elapsed=260.59s
2026-02-23 01:33:08,150 | INFO | Block 14/100 e_blk=-37.790983850081 e_est=-37.791884380516 wsum=2.974e+00 elapsed=269.78s
2026-02-23 01:33:17,344 | INFO | Block 15/100 e_blk=-37.786528999453 e_est=-37.791348842410 wsum=2.969e+00 elapsed=278.97s
2026-02-23 01:33:26,528 | INFO | Block 16/100 e_blk=-37.785609406000 e_est=-37.790774898769 wsum=3.097e+00 elapsed=288.16s
2026-02-23 01:33:35,710 | INFO | Block 17/100 e_blk=-37.788757996044 e_est=-37.790573208497 wsum=3.003e+00 elapsed=297.34s
2026-02-23 01:33:44,902 | INFO | Block 18/100 e_blk=-37.783756328087 e_est=-37.789891520456 wsum=2.948e+00 elapsed=306.53s
2026-02-23 01:33:54,091 | INFO | Block 19/100 e_blk=-37.798331040583 e_est=-37.790735472468 wsum=3.041e+00 elapsed=315.72s
2026-02-23 01:34:03,270 | INFO | Block 20/100 e_blk=-37.781006972237 e_est=-37.789762622445 wsum=3.079e+00 elapsed=324.90s
2026-02-23 01:34:12,463 | INFO | Block 21/100 e_blk=-37.800986214383 e_est=-37.790884981639 wsum=2.991e+00 elapsed=334.09s
2026-02-23 01:34:21,641 | INFO | Block 22/100 e_blk=-37.791429233358 e_est=-37.790939406811 wsum=3.094e+00 elapsed=343.27s
2026-02-23 01:34:30,827 | INFO | Block 23/100 e_blk=-37.802561352286 e_est=-37.792101601359 wsum=3.019e+00 elapsed=352.45s
2026-02-23 01:34:40,025 | INFO | Block 24/100 e_blk=-37.787481305109 e_est=-37.791639571734 wsum=3.032e+00 elapsed=361.65s
2026-02-23 01:34:49,215 | INFO | Block 25/100 e_blk=-37.783957539033 e_est=-37.790871368463 wsum=3.049e+00 elapsed=370.84s
2026-02-23 01:34:58,398 | INFO | Block 26/100 e_blk=-37.799107552113 e_est=-37.791694986828 wsum=2.977e+00 elapsed=380.03s
2026-02-23 01:35:07,586 | INFO | Block 27/100 e_blk=-37.787014933550 e_est=-37.791226981501 wsum=2.970e+00 elapsed=389.21s
2026-02-23 01:35:16,782 | INFO | Block 28/100 e_blk=-37.787059653222 e_est=-37.790810248673 wsum=3.000e+00 elapsed=398.41s
2026-02-23 01:35:25,973 | INFO | Block 29/100 e_blk=-37.792981401621 e_est=-37.791027363968 wsum=2.992e+00 elapsed=407.60s
2026-02-23 01:35:35,160 | INFO | Block 30/100 e_blk=-37.776577089921 e_est=-37.789582336563 wsum=2.941e+00 elapsed=416.79s
2026-02-23 01:35:44,350 | INFO | Block 31/100 e_blk=-37.791265954741 e_est=-37.789750698381 wsum=3.029e+00 elapsed=425.98s
2026-02-23 01:35:53,539 | INFO | Block 32/100 e_blk=-37.803600339598 e_est=-37.791135662502 wsum=2.919e+00 elapsed=435.17s
2026-02-23 01:36:02,725 | INFO | Block 33/100 e_blk=-37.787821981902 e_est=-37.790804294442 wsum=3.092e+00 elapsed=444.35s
2026-02-23 01:36:11,919 | INFO | Block 34/100 e_blk=-37.784304101292 e_est=-37.790154275127 wsum=2.973e+00 elapsed=453.55s
2026-02-23 01:36:21,114 | INFO | Block 35/100 e_blk=-37.802237533893 e_est=-37.791362601004 wsum=3.040e+00 elapsed=462.74s
2026-02-23 01:36:30,294 | INFO | Block 36/100 e_blk=-37.789313683989 e_est=-37.791157709302 wsum=3.094e+00 elapsed=471.92s
2026-02-23 01:36:39,473 | INFO | Block 37/100 e_blk=-37.795843576015 e_est=-37.791626295974 wsum=3.069e+00 elapsed=481.10s
2026-02-23 01:36:48,648 | INFO | Block 38/100 e_blk=-37.785671796367 e_est=-37.791030846013 wsum=3.021e+00 elapsed=490.28s
2026-02-23 01:36:57,824 | INFO | Block 39/100 e_blk=-37.780933959060 e_est=-37.790021157318 wsum=2.993e+00 elapsed=499.45s
2026-02-23 01:37:07,017 | INFO | Block 40/100 e_blk=-37.791256073272 e_est=-37.790144648913 wsum=2.941e+00 elapsed=508.64s
2026-02-23 01:37:16,210 | INFO | Block 41/100 e_blk=-37.790084103668 e_est=-37.790138594389 wsum=3.049e+00 elapsed=517.84s
2026-02-23 01:37:25,392 | INFO | Block 42/100 e_blk=-37.801931337709 e_est=-37.791317868721 wsum=3.055e+00 elapsed=527.02s
2026-02-23 01:37:34,571 | INFO | Block 43/100 e_blk=-37.795729372745 e_est=-37.791759019123 wsum=2.979e+00 elapsed=536.20s
2026-02-23 01:37:43,926 | INFO | Block 44/100 e_blk=-37.796471390436 e_est=-37.792230256254 wsum=3.051e+00 elapsed=545.55s
2026-02-23 01:37:53,121 | INFO | Block 45/100 e_blk=-37.776840543731 e_est=-37.790691285002 wsum=2.906e+00 elapsed=554.75s
2026-02-23 01:38:02,311 | INFO | Block 46/100 e_blk=-37.791456903310 e_est=-37.790767846833 wsum=2.991e+00 elapsed=563.94s
2026-02-23 01:38:11,492 | INFO | Block 47/100 e_blk=-37.784885422611 e_est=-37.790179604411 wsum=3.023e+00 elapsed=573.12s
2026-02-23 01:38:20,676 | INFO | Block 48/100 e_blk=-37.793442590593 e_est=-37.790505903029 wsum=3.022e+00 elapsed=582.30s
2026-02-23 01:38:29,863 | INFO | Block 49/100 e_blk=-37.797854569086 e_est=-37.791240769635 wsum=3.109e+00 elapsed=591.49s
2026-02-23 01:38:39,056 | INFO | Block 50/100 e_blk=-37.788179425246 e_est=-37.790934635196 wsum=3.048e+00 elapsed=600.68s
2026-02-23 01:38:48,243 | INFO | Block 51/100 e_blk=-37.790204608929 e_est=-37.790861632569 wsum=2.980e+00 elapsed=609.87s
2026-02-23 01:38:57,424 | INFO | Block 52/100 e_blk=-37.787581987540 e_est=-37.790533668066 wsum=3.007e+00 elapsed=619.05s
2026-02-23 01:39:06,615 | INFO | Block 53/100 e_blk=-37.796790983458 e_est=-37.791159399605 wsum=3.016e+00 elapsed=628.24s
2026-02-23 01:39:15,803 | INFO | Block 54/100 e_blk=-37.793386612263 e_est=-37.791382120871 wsum=3.028e+00 elapsed=637.43s
2026-02-23 01:39:24,994 | INFO | Block 55/100 e_blk=-37.794174669471 e_est=-37.791661375731 wsum=3.027e+00 elapsed=646.62s
2026-02-23 01:39:34,181 | INFO | Block 56/100 e_blk=-37.795532726969 e_est=-37.792048510855 wsum=3.019e+00 elapsed=655.81s
2026-02-23 01:39:43,368 | INFO | Block 57/100 e_blk=-37.788769416236 e_est=-37.791720601393 wsum=2.997e+00 elapsed=665.00s
2026-02-23 01:39:52,547 | INFO | Block 58/100 e_blk=-37.790921918254 e_est=-37.791640733079 wsum=3.035e+00 elapsed=674.17s
2026-02-23 01:40:01,732 | INFO | Block 59/100 e_blk=-37.794219747141 e_est=-37.791898634485 wsum=3.041e+00 elapsed=683.36s
2026-02-23 01:40:10,922 | INFO | Block 60/100 e_blk=-37.785902602231 e_est=-37.791299031260 wsum=3.010e+00 elapsed=692.55s
2026-02-23 01:40:20,104 | INFO | Block 61/100 e_blk=-37.788129363466 e_est=-37.790982064480 wsum=3.012e+00 elapsed=701.73s
2026-02-23 01:40:29,291 | INFO | Block 62/100 e_blk=-37.785201584930 e_est=-37.790404016525 wsum=2.989e+00 elapsed=710.92s
2026-02-23 01:40:38,476 | INFO | Block 63/100 e_blk=-37.799850398062 e_est=-37.791348654679 wsum=3.026e+00 elapsed=720.10s
2026-02-23 01:40:47,659 | INFO | Block 64/100 e_blk=-37.790498095813 e_est=-37.791263598793 wsum=2.992e+00 elapsed=729.29s
2026-02-23 01:40:56,845 | INFO | Block 65/100 e_blk=-37.790648327753 e_est=-37.791202071689 wsum=3.033e+00 elapsed=738.47s
2026-02-23 01:41:06,040 | INFO | Block 66/100 e_blk=-37.787759245146 e_est=-37.790857789034 wsum=3.019e+00 elapsed=747.67s
2026-02-23 01:41:15,241 | INFO | Block 67/100 e_blk=-37.786144353981 e_est=-37.790386445529 wsum=3.004e+00 elapsed=756.87s
2026-02-23 01:41:24,439 | INFO | Block 68/100 e_blk=-37.793512474280 e_est=-37.790699048404 wsum=2.982e+00 elapsed=766.07s
2026-02-23 01:41:33,628 | INFO | Block 69/100 e_blk=-37.789253288078 e_est=-37.790554472371 wsum=3.013e+00 elapsed=775.26s
2026-02-23 01:41:42,827 | INFO | Block 70/100 e_blk=-37.795365355393 e_est=-37.791035560674 wsum=2.949e+00 elapsed=784.45s
2026-02-23 01:41:52,014 | INFO | Block 71/100 e_blk=-37.791700381338 e_est=-37.791102042740 wsum=3.016e+00 elapsed=793.64s
2026-02-23 01:42:01,213 | INFO | Block 72/100 e_blk=-37.777088465699 e_est=-37.789700685036 wsum=3.008e+00 elapsed=802.84s
2026-02-23 01:42:10,398 | INFO | Block 73/100 e_blk=-37.797747737882 e_est=-37.790505390321 wsum=3.018e+00 elapsed=812.03s
2026-02-23 01:42:19,590 | INFO | Block 74/100 e_blk=-37.788234730392 e_est=-37.790278324328 wsum=2.983e+00 elapsed=821.22s
2026-02-23 01:42:28,784 | INFO | Block 75/100 e_blk=-37.787762065988 e_est=-37.790026698494 wsum=3.027e+00 elapsed=830.41s
2026-02-23 01:42:37,977 | INFO | Block 76/100 e_blk=-37.791402091356 e_est=-37.790164237780 wsum=2.982e+00 elapsed=839.60s
2026-02-23 01:42:47,164 | INFO | Block 77/100 e_blk=-37.785953270876 e_est=-37.789743141090 wsum=3.045e+00 elapsed=848.79s
2026-02-23 01:42:56,352 | INFO | Block 78/100 e_blk=-37.787628640378 e_est=-37.789531691019 wsum=2.971e+00 elapsed=857.98s
2026-02-23 01:43:05,532 | INFO | Block 79/100 e_blk=-37.783344069221 e_est=-37.788912928839 wsum=3.080e+00 elapsed=867.16s
2026-02-23 01:43:14,716 | INFO | Block 80/100 e_blk=-37.779833351789 e_est=-37.788004971134 wsum=2.972e+00 elapsed=876.34s
2026-02-23 01:43:23,910 | INFO | Block 81/100 e_blk=-37.792490690002 e_est=-37.788453543021 wsum=2.997e+00 elapsed=885.54s
2026-02-23 01:43:33,109 | INFO | Block 82/100 e_blk=-37.795772560957 e_est=-37.789185444814 wsum=3.026e+00 elapsed=894.74s
2026-02-23 01:43:42,307 | INFO | Block 83/100 e_blk=-37.780705947275 e_est=-37.788337495060 wsum=3.027e+00 elapsed=903.93s
2026-02-23 01:43:51,489 | INFO | Block 84/100 e_blk=-37.796620290765 e_est=-37.789165774631 wsum=2.973e+00 elapsed=913.12s
2026-02-23 01:44:00,674 | INFO | Block 85/100 e_blk=-37.790476561754 e_est=-37.789296853343 wsum=3.050e+00 elapsed=922.30s
2026-02-23 01:44:09,859 | INFO | Block 86/100 e_blk=-37.790602997097 e_est=-37.789427467718 wsum=3.016e+00 elapsed=931.49s
2026-02-23 01:44:19,054 | INFO | Block 87/100 e_blk=-37.784475356215 e_est=-37.788932256568 wsum=3.023e+00 elapsed=940.68s
2026-02-23 01:44:28,246 | INFO | Block 88/100 e_blk=-37.786874039927 e_est=-37.788726434904 wsum=3.012e+00 elapsed=949.87s
2026-02-23 01:44:37,448 | INFO | Block 89/100 e_blk=-37.794605768761 e_est=-37.789314368290 wsum=3.047e+00 elapsed=959.08s
2026-02-23 01:44:46,650 | INFO | Block 90/100 e_blk=-37.784124379187 e_est=-37.788795369379 wsum=3.018e+00 elapsed=968.28s
2026-02-23 01:44:55,847 | INFO | Block 91/100 e_blk=-37.788871643836 e_est=-37.788802996825 wsum=2.928e+00 elapsed=977.48s
2026-02-23 01:45:05,032 | INFO | Block 92/100 e_blk=-37.796152011264 e_est=-37.789537898269 wsum=3.001e+00 elapsed=986.66s
2026-02-23 01:45:14,233 | INFO | Block 93/100 e_blk=-37.782219677118 e_est=-37.788806076154 wsum=3.057e+00 elapsed=995.86s
2026-02-23 01:45:23,427 | INFO | Block 94/100 e_blk=-37.794555334052 e_est=-37.789381001944 wsum=3.005e+00 elapsed=1005.05s
2026-02-23 01:45:32,625 | INFO | Block 95/100 e_blk=-37.791091892075 e_est=-37.789552090957 wsum=3.013e+00 elapsed=1014.25s
2026-02-23 01:45:41,813 | INFO | Block 96/100 e_blk=-37.789228214108 e_est=-37.789519703272 wsum=3.021e+00 elapsed=1023.44s
2026-02-23 01:45:51,013 | INFO | Block 97/100 e_blk=-37.797826415984 e_est=-37.790350374543 wsum=3.027e+00 elapsed=1032.64s
2026-02-23 01:46:00,205 | INFO | Block 98/100 e_blk=-37.798711233322 e_est=-37.791186460421 wsum=3.048e+00 elapsed=1041.83s
2026-02-23 01:46:09,402 | INFO | Block 99/100 e_blk=-37.786820620596 e_est=-37.790749876439 wsum=2.964e+00 elapsed=1051.03s
2026-02-23 01:46:18,586 | INFO | Block 100/100 e_blk=-37.793883021422 e_est=-37.791063190937 wsum=3.024e+00 elapsed=1060.21s
2026-02-23 01:46:18,865 | INFO | AFQMC done: E=-37.790582836802 +/- 5.826e-04 elapsed=1060.49s
